<?xml version="1.0" encoding="UTF-8"?>
<testsuite xmlns:xsi="http://www.w3.org/2001/XMLSchema-instance" xsi:noNamespaceSchemaLocation="https://maven.apache.org/surefire/maven-surefire-plugin/xsd/surefire-test-report-3.0.xsd" version="3.0" name="br.com.carvalho.CarvalhoAtelieAdm.repository.ProdutoRepositoryIntegrationTest" time="4.333" tests="6" errors="0" skipped="0" failures="0">
  <properties>
[...]
</properties>
  <testcase name="deveListarProdutosDisponiveisPorNome" classname="br.com.carvalho.CarvalhoAtelieAdm.repository.ProdutoRepositoryIntegrationTest" time="0.566">
    <system-out><![CDATA[19:40:55.127 [main] INFO org.springframework.test.context.support.AnnotationConfigContextLoaderUtils -- Could not detect default configuration classes for test class [br.com.carvalho.CarvalhoAtelieAdm.repository.ProdutoRepositoryIntegrationTest]: ProdutoRepositoryIntegrationTest does not declare any static, non-private, non-final, nested classes annotated with @Configuration.
19:40:55.284 [main] INFO org.springframework.boot.test.context.SpringBootTestContextBootstrapper -- Found @SpringBootConfiguration br.com.carvalho.CarvalhoAtelieAdm.CarvalhoAtelieAdm for test class br.com.carvalho.CarvalhoAtelieAdm.repository.ProdutoRepositoryIntegrationTest

  .   ____          _            __ _ _
 /\\ / ___'_ __ _ _(_)_ __  __ _ \ \ \ \
( ( )\___ | '_ | '_| | '_ \/ _` | \ \ \ \
 \\/  ___)| |_)| | | | | || (_| |  ) ) ) )
  '  |____| .__|_| |_|_| |_\__, | / / / /
 =========|_|==============|___/=/_/_/_/
 :: Spring Boot ::                (v3.1.5)

2024-09-29T19:40:55.701-03:00  INFO 9112 --- [           main] c.c.C.r.ProdutoRepositoryIntegrationTest : Starting ProdutoRepositoryIntegrationTest using Java 17.0.9 with PID 9112 (started by rityn in C:\Users\rityn\Desktop\API_Carvalho_Atelie\CarvalhoAtelie_API_ADM)
2024-09-29T19:40:55.702-03:00 DEBUG 9112 --- [           main] c.c.C.r.ProdutoRepositoryIntegrationTest : Running with Spring Boot v3.1.5, Spring v6.0.13
2024-09-29T19:40:55.702-03:00  INFO 9112 --- [           main] c.c.C.r.ProdutoRepositoryIntegrationTest : The following 1 profile is active: "test"
2024-09-29T19:40:56.089-03:00  INFO 9112 --- [           main] .s.d.r.c.RepositoryConfigurationDelegate : Multiple Spring Data modules found, entering strict repository configuration mode
2024-09-29T19:40:56.090-03:00  INFO 9112 --- [           main] .s.d.r.c.RepositoryConfigurationDelegate : Bootstrapping Spring Data JPA repositories in DEFAULT mode.
2024-09-29T19:40:56.231-03:00  INFO 9112 --- [           main] .s.d.r.c.RepositoryConfigurationDelegate : Finished Spring Data repository scanning in 133 ms. Found 2 JPA repository interfaces.
2024-09-29T19:40:56.543-03:00  INFO 9112 --- [           main] o.hibernate.jpa.internal.util.LogHelper  : HHH000204: Processing PersistenceUnitInfo [name: default]
2024-09-29T19:40:56.588-03:00  INFO 9112 --- [           main] org.hibernate.Version                    : HHH000412: Hibernate ORM core version 6.2.13.Final
2024-09-29T19:40:56.589-03:00  INFO 9112 --- [           main] org.hibernate.cfg.Environment            : HHH000406: Using bytecode reflection optimizer
2024-09-29T19:40:56.838-03:00  INFO 9112 --- [           main] o.s.o.j.p.SpringPersistenceUnitInfo      : No LoadTimeWeaver setup: ignoring JPA class transformer
2024-09-29T19:40:56.865-03:00  INFO 9112 --- [           main] com.zaxxer.hikari.HikariDataSource       : HikariPool-1 - Starting...
2024-09-29T19:40:57.040-03:00  INFO 9112 --- [           main] com.zaxxer.hikari.pool.HikariPool        : HikariPool-1 - Added connection conn0: url=jdbc:h2:mem:testdb user=SA
2024-09-29T19:40:57.041-03:00  INFO 9112 --- [           main] com.zaxxer.hikari.HikariDataSource       : HikariPool-1 - Start completed.
2024-09-29T19:40:57.062-03:00  WARN 9112 --- [           main] org.hibernate.orm.deprecation            : HHH90000025: H2Dialect does not need to be specified explicitly using 'hibernate.dialect' (remove the property setting and it will be selected by default)
2024-09-29T19:40:57.615-03:00  INFO 9112 --- [           main] o.h.e.t.j.p.i.JtaPlatformInitiator       : HHH000489: No JTA platform available (set 'hibernate.transaction.jta.platform' to enable JTA platform integration)
2024-09-29T19:40:57.626-03:00 DEBUG 9112 --- [           main] org.hibernate.SQL                        : 
    drop table if exists produto cascade 
Hibernate: 
    drop table if exists produto cascade 
2024-09-29T19:40:57.631-03:00 DEBUG 9112 --- [           main] org.hibernate.SQL                        : 
    drop table if exists usuario cascade 
Hibernate: 
    drop table if exists usuario cascade 
2024-09-29T19:40:57.640-03:00 DEBUG 9112 --- [           main] org.hibernate.SQL                        : 
    create table produto (
        disponivel boolean not null,
        porcentagem_desconto DECIMAL(19,2) DEFAULT 0.00,
        preco_produto numeric(38,2),
        quantidade_produto numeric(38,2),
        id_produto bigint generated by default as identity,
        categoria varchar(255) check (categoria in ('ANIMAIS','ACESSORIOS_PARA_PET','BONECAS','CAMAS_DE_GATO','INSETOS','MINIATURAS','NANINHAS','NATALINOS','PAINEIS')),
        descricao_produto varchar(255),
        imagem_produto1 varchar(255),
        imagem_produto2 varchar(255),
        imagem_produto3 varchar(255),
        imagem_produto4 varchar(255),
        nome_produto varchar(255),
        primary key (id_produto)
    )
Hibernate: 
    create table produto (
        disponivel boolean not null,
        porcentagem_desconto DECIMAL(19,2) DEFAULT 0.00,
        preco_produto numeric(38,2),
        quantidade_produto numeric(38,2),
        id_produto bigint generated by default as identity,
        categoria varchar(255) check (categoria in ('ANIMAIS','ACESSORIOS_PARA_PET','BONECAS','CAMAS_DE_GATO','INSETOS','MINIATURAS','NANINHAS','NATALINOS','PAINEIS')),
        descricao_produto varchar(255),
        imagem_produto1 varchar(255),
        imagem_produto2 varchar(255),
        imagem_produto3 varchar(255),
        imagem_produto4 varchar(255),
        nome_produto varchar(255),
        primary key (id_produto)
    )
2024-09-29T19:40:57.648-03:00 DEBUG 9112 --- [           main] org.hibernate.SQL                        : 
    create table usuario (
        id bigint generated by default as identity,
        email varchar(255),
        imagem_perfil varchar(255),
        nome_completo varchar(255),
        senha varchar(255),
        primary key (id)
    )
Hibernate: 
    create table usuario (
        id bigint generated by default as identity,
        email varchar(255),
        imagem_perfil varchar(255),
        nome_completo varchar(255),
        senha varchar(255),
        primary key (id)
    )
2024-09-29T19:40:57.651-03:00  INFO 9112 --- [           main] j.LocalContainerEntityManagerFactoryBean : Initialized JPA EntityManagerFactory for persistence unit 'default'
2024-09-29T19:40:57.946-03:00  INFO 9112 --- [           main] o.s.d.j.r.query.QueryEnhancerFactory     : Hibernate is in classpath; If applicable, HQL parser will be used.
2024-09-29T19:40:58.661-03:00  INFO 9112 --- [           main] c.c.C.r.ProdutoRepositoryIntegrationTest : Started ProdutoRepositoryIntegrationTest in 3.324 seconds (process running for 4.472)
2024-09-29T19:40:59.193-03:00 DEBUG 9112 --- [           main] org.hibernate.SQL                        : 
    select
        p1_0.id_produto,
        p1_0.nome_produto,
        p1_0.preco_produto,
        p1_0.categoria,
        round((p1_0.preco_produto*(1-(p1_0.porcentagem_desconto/100))),2),
        p1_0.porcentagem_desconto,
        p1_0.imagem_produto1,
        p1_0.imagem_produto2,
        p1_0.imagem_produto3,
        p1_0.imagem_produto4,
        p1_0.disponivel 
    from
        produto p1_0 
    where
        p1_0.disponivel=true 
    order by
        p1_0.nome_produto 
    offset
        ? rows 
    fetch
        first ? rows only
Hibernate: 
    select
        p1_0.id_produto,
        p1_0.nome_produto,
        p1_0.preco_produto,
        p1_0.categoria,
        round((p1_0.preco_produto*(1-(p1_0.porcentagem_desconto/100))),2),
        p1_0.porcentagem_desconto,
        p1_0.imagem_produto1,
        p1_0.imagem_produto2,
        p1_0.imagem_produto3,
        p1_0.imagem_produto4,
        p1_0.disponivel 
    from
        produto p1_0 
    where
        p1_0.disponivel=true 
    order by
        p1_0.nome_produto 
    offset
        ? rows 
    fetch
        first ? rows only
2024-09-29T19:40:59.202-03:00 TRACE 9112 --- [           main] org.hibernate.orm.jdbc.bind              : binding parameter [1] as [INTEGER] - [0]
2024-09-29T19:40:59.202-03:00 TRACE 9112 --- [           main] org.hibernate.orm.jdbc.bind              : binding parameter [2] as [INTEGER] - [10]
]]></system-out>
  </testcase>
  <testcase name="deveOrdenarProdutosPorPreco" classname="br.com.carvalho.CarvalhoAtelieAdm.repository.ProdutoRepositoryIntegrationTest" time="0.026">
    <system-out><![CDATA[2024-09-29T19:40:59.254-03:00 DEBUG 9112 --- [           main] org.hibernate.SQL                        : 
    select
        p1_0.id_produto,
        p1_0.nome_produto,
        p1_0.preco_produto,
        p1_0.categoria,
        round((p1_0.preco_produto*(1-(p1_0.porcentagem_desconto/100))),2),
        p1_0.porcentagem_desconto,
        p1_0.imagem_produto1,
        p1_0.imagem_produto2,
        p1_0.imagem_produto3,
        p1_0.imagem_produto4,
        p1_0.disponivel 
    from
        produto p1_0 
    where
        p1_0.disponivel=true 
        and lower(p1_0.nome_produto) like lower(('%'||?||'%')) escape '' 
    order by
        p1_0.preco_produto 
    offset
        ? rows 
    fetch
        first ? rows only
Hibernate: 
    select
        p1_0.id_produto,
        p1_0.nome_produto,
        p1_0.preco_produto,
        p1_0.categoria,
        round((p1_0.preco_produto*(1-(p1_0.porcentagem_desconto/100))),2),
        p1_0.porcentagem_desconto,
        p1_0.imagem_produto1,
        p1_0.imagem_produto2,
        p1_0.imagem_produto3,
        p1_0.imagem_produto4,
        p1_0.disponivel 
    from
        produto p1_0 
    where
        p1_0.disponivel=true 
        and lower(p1_0.nome_produto) like lower(('%'||?||'%')) escape '' 
    order by
        p1_0.preco_produto 
    offset
        ? rows 
    fetch
        first ? rows only
2024-09-29T19:40:59.256-03:00 TRACE 9112 --- [           main] org.hibernate.orm.jdbc.bind              : binding parameter [1] as [VARCHAR] - [Produto]
2024-09-29T19:40:59.256-03:00 TRACE 9112 --- [           main] org.hibernate.orm.jdbc.bind              : binding parameter [2] as [INTEGER] - [0]
2024-09-29T19:40:59.257-03:00 TRACE 9112 --- [           main] org.hibernate.orm.jdbc.bind              : binding parameter [3] as [INTEGER] - [10]
]]></system-out>
  </testcase>
  <testcase name="deveListarProdutosDisponiveisPorPreco" classname="br.com.carvalho.CarvalhoAtelieAdm.repository.ProdutoRepositoryIntegrationTest" time="0.011">
    <system-out><![CDATA[2024-09-29T19:40:59.270-03:00 DEBUG 9112 --- [           main] org.hibernate.SQL                        : 
    select
        p1_0.id_produto,
        p1_0.nome_produto,
        p1_0.preco_produto,
        p1_0.categoria,
        round((p1_0.preco_produto*(1-(p1_0.porcentagem_desconto/100))),2),
        p1_0.porcentagem_desconto,
        p1_0.imagem_produto1,
        p1_0.imagem_produto2,
        p1_0.imagem_produto3,
        p1_0.imagem_produto4,
        p1_0.disponivel 
    from
        produto p1_0 
    where
        p1_0.disponivel=true 
    order by
        (p1_0.preco_produto*(1-(p1_0.porcentagem_desconto/100))) 
    offset
        ? rows 
    fetch
        first ? rows only
Hibernate: 
    select
        p1_0.id_produto,
        p1_0.nome_produto,
        p1_0.preco_produto,
        p1_0.categoria,
        round((p1_0.preco_produto*(1-(p1_0.porcentagem_desconto/100))),2),
        p1_0.porcentagem_desconto,
        p1_0.imagem_produto1,
        p1_0.imagem_produto2,
        p1_0.imagem_produto3,
        p1_0.imagem_produto4,
        p1_0.disponivel 
    from
        produto p1_0 
    where
        p1_0.disponivel=true 
    order by
        (p1_0.preco_produto*(1-(p1_0.porcentagem_desconto/100))) 
    offset
        ? rows 
    fetch
        first ? rows only
2024-09-29T19:40:59.271-03:00 TRACE 9112 --- [           main] org.hibernate.orm.jdbc.bind              : binding parameter [1] as [INTEGER] - [0]
2024-09-29T19:40:59.271-03:00 TRACE 9112 --- [           main] org.hibernate.orm.jdbc.bind              : binding parameter [2] as [INTEGER] - [10]
]]></system-out>
  </testcase>
  <testcase name="deveListarTodosProdutos" classname="br.com.carvalho.CarvalhoAtelieAdm.repository.ProdutoRepositoryIntegrationTest" time="0.019">
    <system-out><![CDATA[2024-09-29T19:40:59.282-03:00 DEBUG 9112 --- [           main] org.hibernate.SQL                        : 
    select
        p1_0.id_produto,
        p1_0.nome_produto,
        p1_0.preco_produto,
        p1_0.categoria,
        round((p1_0.preco_produto*(1-(p1_0.porcentagem_desconto/100))),2),
        p1_0.porcentagem_desconto,
        p1_0.imagem_produto1,
        p1_0.imagem_produto2,
        p1_0.imagem_produto3,
        p1_0.imagem_produto4,
        p1_0.disponivel 
    from
        produto p1_0 
    order by
        p1_0.disponivel desc 
    offset
        ? rows 
    fetch
        first ? rows only
Hibernate: 
    select
        p1_0.id_produto,
        p1_0.nome_produto,
        p1_0.preco_produto,
        p1_0.categoria,
        round((p1_0.preco_produto*(1-(p1_0.porcentagem_desconto/100))),2),
        p1_0.porcentagem_desconto,
        p1_0.imagem_produto1,
        p1_0.imagem_produto2,
        p1_0.imagem_produto3,
        p1_0.imagem_produto4,
        p1_0.disponivel 
    from
        produto p1_0 
    order by
        p1_0.disponivel desc 
    offset
        ? rows 
    fetch
        first ? rows only
2024-09-29T19:40:59.283-03:00 TRACE 9112 --- [           main] org.hibernate.orm.jdbc.bind              : binding parameter [1] as [INTEGER] - [0]
2024-09-29T19:40:59.283-03:00 TRACE 9112 --- [           main] org.hibernate.orm.jdbc.bind              : binding parameter [2] as [INTEGER] - [10]
]]></system-out>
  </testcase>
  <testcase name="deveRetornarPaginaVaziaQuandoNenhumProdutoCorresponder" classname="br.com.carvalho.CarvalhoAtelieAdm.repository.ProdutoRepositoryIntegrationTest" time="0.011">
    <system-out><![CDATA[2024-09-29T19:40:59.302-03:00 DEBUG 9112 --- [           main] org.hibernate.SQL                        : 
    select
        p1_0.id_produto,
        p1_0.nome_produto,
        p1_0.preco_produto,
        p1_0.categoria,
        round((p1_0.preco_produto*(1-(p1_0.porcentagem_desconto/100))),2),
        p1_0.porcentagem_desconto,
        p1_0.imagem_produto1,
        p1_0.imagem_produto2,
        p1_0.imagem_produto3,
        p1_0.imagem_produto4,
        p1_0.disponivel 
    from
        produto p1_0 
    where
        p1_0.disponivel=true 
        and lower(p1_0.nome_produto) like lower(('%'||?||'%')) escape '' 
    offset
        ? rows 
    fetch
        first ? rows only
Hibernate: 
    select
        p1_0.id_produto,
        p1_0.nome_produto,
        p1_0.preco_produto,
        p1_0.categoria,
        round((p1_0.preco_produto*(1-(p1_0.porcentagem_desconto/100))),2),
        p1_0.porcentagem_desconto,
        p1_0.imagem_produto1,
        p1_0.imagem_produto2,
        p1_0.imagem_produto3,
        p1_0.imagem_produto4,
        p1_0.disponivel 
    from
        produto p1_0 
    where
        p1_0.disponivel=true 
        and lower(p1_0.nome_produto) like lower(('%'||?||'%')) escape '' 
    offset
        ? rows 
    fetch
        first ? rows only
2024-09-29T19:40:59.302-03:00 TRACE 9112 --- [           main] org.hibernate.orm.jdbc.bind              : binding parameter [1] as [VARCHAR] - [ProdutoInexistente]
2024-09-29T19:40:59.303-03:00 TRACE 9112 --- [           main] org.hibernate.orm.jdbc.bind              : binding parameter [2] as [INTEGER] - [0]
2024-09-29T19:40:59.303-03:00 TRACE 9112 --- [           main] org.hibernate.orm.jdbc.bind              : binding parameter [3] as [INTEGER] - [10]
]]></system-out>
  </testcase>
  <testcase name="deveEncontrarProdutoPorId" classname="br.com.carvalho.CarvalhoAtelieAdm.repository.ProdutoRepositoryIntegrationTest" time="0.035">
    <system-out><![CDATA[2024-09-29T19:40:59.332-03:00 DEBUG 9112 --- [           main] org.hibernate.SQL                        : 
    select
        p1_0.id_produto,
        p1_0.categoria,
        p1_0.descricao_produto,
        p1_0.disponivel,
        p1_0.imagem_produto1,
        p1_0.imagem_produto2,
        p1_0.imagem_produto3,
        p1_0.imagem_produto4,
        p1_0.nome_produto,
        p1_0.porcentagem_desconto,
        p1_0.preco_produto,
        p1_0.quantidade_produto 
    from
        produto p1_0 
    where
        p1_0.id_produto=?
Hibernate: 
    select
        p1_0.id_produto,
        p1_0.categoria,
        p1_0.descricao_produto,
        p1_0.disponivel,
        p1_0.imagem_produto1,
        p1_0.imagem_produto2,
        p1_0.imagem_produto3,
        p1_0.imagem_produto4,
        p1_0.nome_produto,
        p1_0.porcentagem_desconto,
        p1_0.preco_produto,
        p1_0.quantidade_produto 
    from
        produto p1_0 
    where
        p1_0.id_produto=?
2024-09-29T19:40:59.333-03:00 TRACE 9112 --- [           main] org.hibernate.orm.jdbc.bind              : binding parameter [1] as [BIGINT] - [1]
]]></system-out>
  </testcase>
</testsuite>